[Info  - 3:06:06 PM] ESLint server stopped.
[Info  - 3:06:06 PM] ESLint server running in node v8.9.3
[Info  - 3:06:06 PM] ESLint server is running.
[Info  - 3:06:07 PM] 
Failed to load the ESLint library for the document /home/tung2389/back-mongo/db/db.js

To use ESLint please install eslint by running 'npm install eslint' in the workspace folder back-mongo
or globally using 'npm install -g eslint'. You need to reopen the workspace after installing eslint.

If you are using yarn instead of npm set the setting `"eslint.packageManager": "yarn"`

Alternatively you can disable ESLint for the workspace folder back-mongo by executing the 'Disable ESLint' command.
[Info  - 3:07:04 PM] 
Failed to load the ESLint library for the document /home/tung2389/back-mongo/server.js

To use ESLint please install eslint by running 'npm install eslint' in the workspace folder back-mongo
or globally using 'npm install -g eslint'. You need to reopen the workspace after installing eslint.

If you are using yarn instead of npm set the setting `"eslint.packageManager": "yarn"`

Alternatively you can disable ESLint for the workspace folder back-mongo by executing the 'Disable ESLint' command.
[Info  - 3:07:10 PM] 
Failed to load the ESLint library for the document /home/tung2389/back-mongo/package.json

To use ESLint please install eslint by running 'npm install eslint' in the workspace folder back-mongo
or globally using 'npm install -g eslint'. You need to reopen the workspace after installing eslint.

If you are using yarn instead of npm set the setting `"eslint.packageManager": "yarn"`

Alternatively you can disable ESLint for the workspace folder back-mongo by executing the 'Disable ESLint' command.
[Info  - 3:07:12 PM] 
Failed to load the ESLint library for the document /home/tung2389/back-mongo/server.js

To use ESLint please install eslint by running 'npm install eslint' in the workspace folder back-mongo
or globally using 'npm install -g eslint'. You need to reopen the workspace after installing eslint.

If you are using yarn instead of npm set the setting `"eslint.packageManager": "yarn"`

Alternatively you can disable ESLint for the workspace folder back-mongo by executing the 'Disable ESLint' command.
[Info  - 3:09:41 PM] 
Failed to load the ESLint library for the document /home/tung2389/back-mongo/model/data.js

To use ESLint please install eslint by running 'npm install eslint' in the workspace folder back-mongo
or globally using 'npm install -g eslint'. You need to reopen the workspace after installing eslint.

If you are using yarn instead of npm set the setting `"eslint.packageManager": "yarn"`

Alternatively you can disable ESLint for the workspace folder back-mongo by executing the 'Disable ESLint' command.
[Info  - 3:10:35 PM] 
Failed to load the ESLint library for the document /home/tung2389/back-mongo/server.js

To use ESLint please install eslint by running 'npm install eslint' in the workspace folder back-mongo
or globally using 'npm install -g eslint'. You need to reopen the workspace after installing eslint.

If you are using yarn instead of npm set the setting `"eslint.packageManager": "yarn"`

Alternatively you can disable ESLint for the workspace folder back-mongo by executing the 'Disable ESLint' command.
[Info  - 3:13:24 PM] 
Failed to load the ESLint library for the document /home/tung2389/back-mongo/model/data.js

To use ESLint please install eslint by running 'npm install eslint' in the workspace folder back-mongo
or globally using 'npm install -g eslint'. You need to reopen the workspace after installing eslint.

If you are using yarn instead of npm set the setting `"eslint.packageManager": "yarn"`

Alternatively you can disable ESLint for the workspace folder back-mongo by executing the 'Disable ESLint' command.
[Info  - 3:20:41 PM] 
Failed to load the ESLint library for the document /home/tung2389/back-mongo/model/data.js

To use ESLint please install eslint by running 'npm install eslint' in the workspace folder back-mongo
or globally using 'npm install -g eslint'. You need to reopen the workspace after installing eslint.

If you are using yarn instead of npm set the setting `"eslint.packageManager": "yarn"`

Alternatively you can disable ESLint for the workspace folder back-mongo by executing the 'Disable ESLint' command.
[Info  - 3:23:45 PM] 
Failed to load the ESLint library for the document /home/tung2389/back-mongo/server.js

To use ESLint please install eslint by running 'npm install eslint' in the workspace folder back-mongo
or globally using 'npm install -g eslint'. You need to reopen the workspace after installing eslint.

If you are using yarn instead of npm set the setting `"eslint.packageManager": "yarn"`

Alternatively you can disable ESLint for the workspace folder back-mongo by executing the 'Disable ESLint' command.
[Info  - 3:24:11 PM] 
Failed to load the ESLint library for the document /home/tung2389/back-mongo/model/data.js

To use ESLint please install eslint by running 'npm install eslint' in the workspace folder back-mongo
or globally using 'npm install -g eslint'. You need to reopen the workspace after installing eslint.

If you are using yarn instead of npm set the setting `"eslint.packageManager": "yarn"`

Alternatively you can disable ESLint for the workspace folder back-mongo by executing the 'Disable ESLint' command.
[Info  - 3:36:22 PM] 
Failed to load the ESLint library for the document /home/tung2389/back-mongo/server.js

To use ESLint please install eslint by running 'npm install eslint' in the workspace folder back-mongo
or globally using 'npm install -g eslint'. You need to reopen the workspace after installing eslint.

If you are using yarn instead of npm set the setting `"eslint.packageManager": "yarn"`

Alternatively you can disable ESLint for the workspace folder back-mongo by executing the 'Disable ESLint' command.
[Info  - 4:36:53 PM] ESLint server stopped.
