Looking for git in: git
Using git 2.7.4 from git
> git rev-parse --show-toplevel
> git config --get commit.template
Open repository: /home/tung2389/back-mongo
> git status -z -u
> git symbolic-ref --short HEAD
> git rev-parse master
> git rev-parse --symbolic-full-name master@{u}
> git rev-list --left-right master...refs/remotes/origin/master
> git for-each-ref --format %(refname) %(objectname) --sort -committerdate
> git remote --verbose
> git check-ignore -z --stdin
> git show :SAMPLE.env
> git show :.babelrc
> git show :package-lock.json
> git ls-files --stage -- ./
> git show :package.json
> git show :README.md
> git show :SAMPLE.env
> git show :package.json
> git show :server.js
> git check-ignore -z --stdin
> git show :db/db.js
> git show :db/db.js
