[Info  - 3:56:35 PM] ESLint server stopped.
[Info  - 3:56:37 PM] ESLint server running in node v8.9.3
[Info  - 3:56:37 PM] ESLint server is running.
[Info  - 3:56:41 PM] 
Failed to load the ESLint library for the document /home/tung2389/back-mongo/package.json

To use ESLint please install eslint by running 'npm install eslint' in the workspace folder back-mongo
or globally using 'npm install -g eslint'. You need to reopen the workspace after installing eslint.

If you are using yarn instead of npm set the setting `"eslint.packageManager": "yarn"`

Alternatively you can disable ESLint for the workspace folder back-mongo by executing the 'Disable ESLint' command.
[Info  - 3:56:44 PM] 
Failed to load the ESLint library for the document /home/tung2389/back-mongo/server.js

To use ESLint please install eslint by running 'npm install eslint' in the workspace folder back-mongo
or globally using 'npm install -g eslint'. You need to reopen the workspace after installing eslint.

If you are using yarn instead of npm set the setting `"eslint.packageManager": "yarn"`

Alternatively you can disable ESLint for the workspace folder back-mongo by executing the 'Disable ESLint' command.
[Info  - 3:56:49 PM] 
Failed to load the ESLint library for the document /home/tung2389/back-mongo/db/db.js

To use ESLint please install eslint by running 'npm install eslint' in the workspace folder back-mongo
or globally using 'npm install -g eslint'. You need to reopen the workspace after installing eslint.

If you are using yarn instead of npm set the setting `"eslint.packageManager": "yarn"`

Alternatively you can disable ESLint for the workspace folder back-mongo by executing the 'Disable ESLint' command.
[Info  - 3:59:57 PM] ESLint server stopped.
