[2018-12-19 15:55:45.423] [exthost] [info] extension host started
[2018-12-19 15:55:45.494] [exthost] [info] ExtensionService#_doActivateExtension vscode.debug-auto-launch {"startup":true,"activationEvent":"*"}
[2018-12-19 15:55:45.495] [exthost] [info] ExtensionService#loadCommonJSModule /usr/share/code/resources/app/extensions/debug-auto-launch/dist/extension
[2018-12-19 15:55:45.583] [exthost] [info] ExtensionService#_doActivateExtension vscode.emmet {"startup":true,"activationEvent":"*"}
[2018-12-19 15:55:45.583] [exthost] [info] ExtensionService#loadCommonJSModule /usr/share/code/resources/app/extensions/emmet/dist/extension
[2018-12-19 15:55:45.631] [exthost] [info] ExtensionService#_doActivateExtension vscode.git {"startup":true,"activationEvent":"*"}
[2018-12-19 15:55:45.631] [exthost] [info] ExtensionService#loadCommonJSModule /usr/share/code/resources/app/extensions/git/dist/main
[2018-12-19 15:55:45.934] [exthost] [info] ExtensionService#_doActivateExtension vscode.merge-conflict {"startup":true,"activationEvent":"*"}
[2018-12-19 15:55:45.934] [exthost] [info] ExtensionService#loadCommonJSModule /usr/share/code/resources/app/extensions/merge-conflict/dist/extension
[2018-12-19 15:55:45.971] [exthost] [info] ExtensionService#_doActivateExtension christian-kohler.path-intellisense {"startup":true,"activationEvent":"*"}
[2018-12-19 15:55:45.971] [exthost] [info] ExtensionService#loadCommonJSModule /home/tung2389/.vscode/extensions/christian-kohler.path-intellisense-1.4.2/out/src/extension
[2018-12-19 15:55:46.138] [exthost] [info] ExtensionService#_doActivateExtension dbaeumer.vscode-eslint {"startup":true,"activationEvent":"*"}
[2018-12-19 15:55:46.138] [exthost] [info] ExtensionService#loadCommonJSModule /home/tung2389/.vscode/extensions/dbaeumer.vscode-eslint-1.7.2/client/out/extension
[2018-12-19 15:55:46.358] [exthost] [info] ExtensionService#_doActivateExtension esbenp.prettier-vscode {"startup":true,"activationEvent":"*"}
[2018-12-19 15:55:46.358] [exthost] [info] ExtensionService#loadCommonJSModule /home/tung2389/.vscode/extensions/esbenp.prettier-vscode-1.7.2/out/src/extension
[2018-12-19 15:55:46.914] [exthost] [info] eager extensions activated
[2018-12-19 15:55:56.907] [exthost] [info] extension host started
[2018-12-19 15:55:56.971] [exthost] [info] ExtensionService#_doActivateExtension vscode.debug-auto-launch {"startup":true,"activationEvent":"*"}
[2018-12-19 15:55:56.971] [exthost] [info] ExtensionService#loadCommonJSModule /usr/share/code/resources/app/extensions/debug-auto-launch/dist/extension
[2018-12-19 15:55:56.987] [exthost] [info] ExtensionService#_doActivateExtension vscode.emmet {"startup":true,"activationEvent":"*"}
[2018-12-19 15:55:56.988] [exthost] [info] ExtensionService#loadCommonJSModule /usr/share/code/resources/app/extensions/emmet/dist/extension
[2018-12-19 15:55:57.050] [exthost] [info] ExtensionService#_doActivateExtension vscode.git {"startup":true,"activationEvent":"*"}
[2018-12-19 15:55:57.050] [exthost] [info] ExtensionService#loadCommonJSModule /usr/share/code/resources/app/extensions/git/dist/main
[2018-12-19 15:55:57.418] [exthost] [info] ExtensionService#_doActivateExtension vscode.merge-conflict {"startup":true,"activationEvent":"*"}
[2018-12-19 15:55:57.419] [exthost] [info] ExtensionService#loadCommonJSModule /usr/share/code/resources/app/extensions/merge-conflict/dist/extension
[2018-12-19 15:55:57.435] [exthost] [info] ExtensionService#_doActivateExtension christian-kohler.path-intellisense {"startup":true,"activationEvent":"*"}
[2018-12-19 15:55:57.435] [exthost] [info] ExtensionService#loadCommonJSModule /home/tung2389/.vscode/extensions/christian-kohler.path-intellisense-1.4.2/out/src/extension
[2018-12-19 15:55:57.457] [exthost] [info] ExtensionService#_doActivateExtension dbaeumer.vscode-eslint {"startup":true,"activationEvent":"*"}
[2018-12-19 15:55:57.458] [exthost] [info] ExtensionService#loadCommonJSModule /home/tung2389/.vscode/extensions/dbaeumer.vscode-eslint-1.7.2/client/out/extension
[2018-12-19 15:55:57.599] [exthost] [info] ExtensionService#_doActivateExtension esbenp.prettier-vscode {"startup":true,"activationEvent":"*"}
[2018-12-19 15:55:57.599] [exthost] [info] ExtensionService#loadCommonJSModule /home/tung2389/.vscode/extensions/esbenp.prettier-vscode-1.7.2/out/src/extension
[2018-12-19 15:55:58.063] [exthost] [info] eager extensions activated
[2018-12-19 15:56:09.131] [exthost] [info] ExtensionService#_doActivateExtension vscode.configuration-editing {"startup":false,"activationEvent":"onLanguage:json"}
[2018-12-19 15:56:09.131] [exthost] [info] ExtensionService#loadCommonJSModule /usr/share/code/resources/app/extensions/configuration-editing/dist/extension
[2018-12-19 15:56:09.212] [exthost] [info] ExtensionService#_doActivateExtension vscode.extension-editing {"startup":false,"activationEvent":"onLanguage:json"}
[2018-12-19 15:56:09.212] [exthost] [info] ExtensionService#loadCommonJSModule /usr/share/code/resources/app/extensions/extension-editing/dist/extension
[2018-12-19 15:56:09.496] [exthost] [info] ExtensionService#_doActivateExtension vscode.json-language-features {"startup":false,"activationEvent":"onLanguage:json"}
[2018-12-19 15:56:09.496] [exthost] [info] ExtensionService#loadCommonJSModule /usr/share/code/resources/app/extensions/json-language-features/client/dist/jsonMain
[2018-12-19 15:56:09.713] [exthost] [info] ExtensionService#_doActivateExtension vscode.npm {"startup":false,"activationEvent":"onLanguage:json"}
[2018-12-19 15:56:09.713] [exthost] [info] ExtensionService#loadCommonJSModule /usr/share/code/resources/app/extensions/npm/dist/main
[2018-12-19 15:56:09.831] [exthost] [info] ExtensionService#_doActivateExtension eg2.vscode-npm-script {"startup":false,"activationEvent":"onLanguage:json"}
[2018-12-19 15:56:09.831] [exthost] [info] ExtensionService#loadCommonJSModule /home/tung2389/.vscode/extensions/eg2.vscode-npm-script-0.3.5/out/src/main
[2018-12-19 15:56:33.822] [exthost] [info] ExtensionService#_doActivateExtension vscode.typescript-language-features {"startup":false,"activationEvent":"onLanguage:jsonc"}
[2018-12-19 15:56:33.823] [exthost] [info] ExtensionService#loadCommonJSModule /usr/share/code/resources/app/extensions/typescript-language-features/dist/extension
[2018-12-19 15:56:34.352] [exthost] [info] ExtensionService#_doActivateExtension vscode.markdown-language-features {"startup":false,"activationEvent":"onLanguage:markdown"}
[2018-12-19 15:56:34.352] [exthost] [info] ExtensionService#loadCommonJSModule /usr/share/code/resources/app/extensions/markdown-language-features/dist/extension
[2018-12-19 15:56:35.246] [exthost] [info] ExtensionService#_doActivateExtension christian-kohler.npm-intellisense {"startup":false,"activationEvent":"onLanguage:javascript"}
[2018-12-19 15:56:35.246] [exthost] [info] ExtensionService#loadCommonJSModule /home/tung2389/.vscode/extensions/christian-kohler.npm-intellisense-1.3.0/out/src/extension
[2018-12-19 15:56:35.471] [exthost] [info] ExtensionService#_doActivateExtension leizongmin.node-module-intellisense {"startup":false,"activationEvent":"onLanguage:javascript"}
[2018-12-19 15:56:35.471] [exthost] [info] ExtensionService#loadCommonJSModule /home/tung2389/.vscode/extensions/leizongmin.node-module-intellisense-1.5.0/out/src/extension
[2018-12-19 15:56:35.528] [exthost] [info] ExtensionService#_doActivateExtension mgmcdermott.vscode-language-babel {"startup":false,"activationEvent":"onLanguage:javascript"}
[2018-12-19 15:56:35.528] [exthost] [info] ExtensionService#loadCommonJSModule /home/tung2389/.vscode/extensions/mgmcdermott.vscode-language-babel-0.0.21/dist/extension
