[2018-12-19 15:55:40.931] [sharedprocess] [info] main {"machineId":"28ae888c6526ecb5bf798f58bf9d59edb425800a8351a14e1c40b2473bff6aa4"}
[2018-12-19 15:55:41.596] [sharedprocess] [info] Scanned user extensions: 14
[2018-12-19 15:55:41.731] [sharedprocess] [info] Scanned system extensions: 71
[2018-12-19 15:55:44.028] [sharedprocess] [info] Scanned user extensions: 14
[2018-12-19 15:55:44.031] [sharedprocess] [info] Scanned user extensions: 14
[2018-12-19 15:55:44.110] [sharedprocess] [info] Scanned system extensions: 71
[2018-12-19 15:55:44.117] [sharedprocess] [info] Scanned system extensions: 71
[2018-12-19 15:55:45.718] [sharedprocess] [info] Scanned user extensions: 14
[2018-12-19 15:55:47.268] [sharedprocess] [info] Installing extension: es7-react-js-snippets
[2018-12-19 15:55:47.268] [sharedprocess] [info] Installing extension: prettier-vscode
[2018-12-19 15:55:47.285] [sharedprocess] [info] Scanned user extensions: 14
[2018-12-19 15:55:47.288] [sharedprocess] [info] Scanned user extensions: 14
[2018-12-19 15:55:48.031] [sharedprocess] [info] Downloaded extension: es7-react-js-snippets /tmp/2e447d0c-952a-4638-9edb-75dd815a0d36
[2018-12-19 15:55:48.059] [sharedprocess] [info] Extracted extension to /home/tung2389/.vscode/extensions/.dsznajder.es7-react-js-snippets-1.9.3: dsznajder.es7-react-js-snippets-1.9.3
[2018-12-19 15:55:48.059] [sharedprocess] [info] Renamed to /home/tung2389/.vscode/extensions/dsznajder.es7-react-js-snippets-1.9.3
[2018-12-19 15:55:48.059] [sharedprocess] [info] Installation completed. dsznajder.es7-react-js-snippets-1.9.3
[2018-12-19 15:55:48.110] [sharedprocess] [info] Extensions installed successfully: dsznajder.es7-react-js-snippets
[2018-12-19 15:55:54.425] [sharedprocess] [info] Downloaded extension: prettier-vscode /tmp/f4ba9a40-9954-4b08-aa83-d6c5e5f1487c
[2018-12-19 15:55:55.928] [sharedprocess] [info] Scanned user extensions: 14
[2018-12-19 15:55:55.933] [sharedprocess] [info] Scanned user extensions: 14
[2018-12-19 15:55:56.061] [sharedprocess] [info] Scanned system extensions: 71
[2018-12-19 15:55:56.068] [sharedprocess] [info] Scanned system extensions: 71
[2018-12-19 15:55:56.384] [sharedprocess] [info] Scanned user extensions: 14
[2018-12-19 15:56:09.411] [sharedprocess] [info] Extracted extension to /home/tung2389/.vscode/extensions/.esbenp.prettier-vscode-1.7.3: esbenp.prettier-vscode-1.7.3
[2018-12-19 15:56:09.594] [sharedprocess] [info] Renamed to /home/tung2389/.vscode/extensions/esbenp.prettier-vscode-1.7.3
[2018-12-19 15:56:09.594] [sharedprocess] [info] Installation completed. esbenp.prettier-vscode-1.7.3
[2018-12-19 15:56:11.226] [sharedprocess] [info] Extensions installed successfully: esbenp.prettier-vscode
[2018-12-19 15:56:20.939] [sharedprocess] [info] Starting to clean up unused language packs.
