[2018-12-20 15:06:02.796] [exthost] [info] extension host started
[2018-12-20 15:06:02.868] [exthost] [info] ExtensionService#_doActivateExtension vscode.debug-auto-launch {"startup":true,"activationEvent":"*"}
[2018-12-20 15:06:02.868] [exthost] [info] ExtensionService#loadCommonJSModule /usr/share/code/resources/app/extensions/debug-auto-launch/dist/extension
[2018-12-20 15:06:02.971] [exthost] [info] ExtensionService#_doActivateExtension vscode.emmet {"startup":true,"activationEvent":"*"}
[2018-12-20 15:06:02.971] [exthost] [info] ExtensionService#loadCommonJSModule /usr/share/code/resources/app/extensions/emmet/dist/extension
[2018-12-20 15:06:03.059] [exthost] [info] ExtensionService#_doActivateExtension vscode.git {"startup":true,"activationEvent":"*"}
[2018-12-20 15:06:03.059] [exthost] [info] ExtensionService#loadCommonJSModule /usr/share/code/resources/app/extensions/git/dist/main
[2018-12-20 15:06:03.416] [exthost] [info] ExtensionService#_doActivateExtension vscode.merge-conflict {"startup":true,"activationEvent":"*"}
[2018-12-20 15:06:03.416] [exthost] [info] ExtensionService#loadCommonJSModule /usr/share/code/resources/app/extensions/merge-conflict/dist/extension
[2018-12-20 15:06:03.472] [exthost] [info] ExtensionService#_doActivateExtension christian-kohler.path-intellisense {"startup":true,"activationEvent":"*"}
[2018-12-20 15:06:03.472] [exthost] [info] ExtensionService#loadCommonJSModule /home/tung2389/.vscode/extensions/christian-kohler.path-intellisense-1.4.2/out/src/extension
[2018-12-20 15:06:03.608] [exthost] [info] ExtensionService#_doActivateExtension dbaeumer.vscode-eslint {"startup":true,"activationEvent":"*"}
[2018-12-20 15:06:03.608] [exthost] [info] ExtensionService#loadCommonJSModule /home/tung2389/.vscode/extensions/dbaeumer.vscode-eslint-1.7.2/client/out/extension
[2018-12-20 15:06:04.547] [exthost] [info] ExtensionService#_doActivateExtension esbenp.prettier-vscode {"startup":true,"activationEvent":"*"}
[2018-12-20 15:06:04.548] [exthost] [info] ExtensionService#loadCommonJSModule /home/tung2389/.vscode/extensions/esbenp.prettier-vscode-1.7.3/out/src/extension
[2018-12-20 15:06:05.568] [exthost] [info] eager extensions activated
[2018-12-20 15:06:05.578] [exthost] [info] ExtensionService#_doActivateExtension vscode.typescript-language-features {"startup":false,"activationEvent":"onLanguage:javascript"}
[2018-12-20 15:06:05.578] [exthost] [info] ExtensionService#loadCommonJSModule /usr/share/code/resources/app/extensions/typescript-language-features/dist/extension
[2018-12-20 15:06:05.835] [exthost] [info] ExtensionService#_doActivateExtension christian-kohler.npm-intellisense {"startup":false,"activationEvent":"onLanguage:javascript"}
[2018-12-20 15:06:05.835] [exthost] [info] ExtensionService#loadCommonJSModule /home/tung2389/.vscode/extensions/christian-kohler.npm-intellisense-1.3.0/out/src/extension
[2018-12-20 15:06:05.920] [exthost] [info] ExtensionService#_doActivateExtension leizongmin.node-module-intellisense {"startup":false,"activationEvent":"onLanguage:javascript"}
[2018-12-20 15:06:05.920] [exthost] [info] ExtensionService#loadCommonJSModule /home/tung2389/.vscode/extensions/leizongmin.node-module-intellisense-1.5.0/out/src/extension
[2018-12-20 15:06:05.961] [exthost] [info] ExtensionService#_doActivateExtension mgmcdermott.vscode-language-babel {"startup":false,"activationEvent":"onLanguage:javascript"}
[2018-12-20 15:06:05.961] [exthost] [info] ExtensionService#loadCommonJSModule /home/tung2389/.vscode/extensions/mgmcdermott.vscode-language-babel-0.0.21/dist/extension
[2018-12-20 15:07:09.484] [exthost] [info] ExtensionService#_doActivateExtension vscode.configuration-editing {"startup":false,"activationEvent":"onLanguage:json"}
[2018-12-20 15:07:09.484] [exthost] [info] ExtensionService#loadCommonJSModule /usr/share/code/resources/app/extensions/configuration-editing/dist/extension
[2018-12-20 15:07:09.552] [exthost] [info] ExtensionService#_doActivateExtension vscode.extension-editing {"startup":false,"activationEvent":"onLanguage:json"}
[2018-12-20 15:07:09.552] [exthost] [info] ExtensionService#loadCommonJSModule /usr/share/code/resources/app/extensions/extension-editing/dist/extension
[2018-12-20 15:07:09.669] [exthost] [info] ExtensionService#_doActivateExtension vscode.json-language-features {"startup":false,"activationEvent":"onLanguage:json"}
[2018-12-20 15:07:09.669] [exthost] [info] ExtensionService#loadCommonJSModule /usr/share/code/resources/app/extensions/json-language-features/client/dist/jsonMain
[2018-12-20 15:07:09.846] [exthost] [info] ExtensionService#_doActivateExtension vscode.npm {"startup":false,"activationEvent":"onLanguage:json"}
[2018-12-20 15:07:09.846] [exthost] [info] ExtensionService#loadCommonJSModule /usr/share/code/resources/app/extensions/npm/dist/main
[2018-12-20 15:07:09.903] [exthost] [info] ExtensionService#_doActivateExtension eg2.vscode-npm-script {"startup":false,"activationEvent":"onLanguage:json"}
[2018-12-20 15:07:09.903] [exthost] [info] ExtensionService#loadCommonJSModule /home/tung2389/.vscode/extensions/eg2.vscode-npm-script-0.3.5/out/src/main
